<?xml version="1.0" encoding="UTF-8"?>
<!-- Generated by org.testng.reporters.JUnitReportReporter -->
<testsuite skipped="1" hostname="Hp-PC" name="com.qtpselenium.facebook.pom.testcases.ChangePasswordTest" tests="1" failures="0" timestamp="08 Sep 2018 18:16:36 GMT" time="0.186" errors="0">
  <testcase name="changePasswordTest" time="0.186" classname="com.qtpselenium.facebook.pom.testcases.ChangePasswordTest">
    <skipped/>
  </testcase> <!-- changePasswordTest -->
</testsuite> <!-- com.qtpselenium.facebook.pom.testcases.ChangePasswordTest -->
