<?xml version="1.0" encoding="UTF-8"?>
<!-- Generated by org.testng.reporters.JUnitReportReporter -->
<testsuite skipped="1" hostname="Hp-PC" name="com.qtpselenium.facebook.pom.testcases.ProfileTest" tests="1" failures="0" timestamp="08 Sep 2018 18:16:36 GMT" time="0.028" errors="0">
  <testcase name="testProfile" time="0.028" classname="com.qtpselenium.facebook.pom.testcases.ProfileTest">
    <skipped/>
  </testcase> <!-- testProfile -->
</testsuite> <!-- com.qtpselenium.facebook.pom.testcases.ProfileTest -->
